<?xml version="1.0" encoding="UTF-8"?>
<!-- Generated by org.testng.reporters.JUnitXMLReporter -->
<testsuite ignored="0" hostname="DESKTOP-603KKM1" failures="0" tests="10" name="UI Tests – Login" time="0.672" errors="0" timestamp="2026-03-29T12:13:48 IST">
  <testcase classname="com.phoenix.ui.BaseTest" name="@BeforeMethod setUp" time="0.01">
    <failure type="java.lang.Error" message="Unresolved compilation problems: 
	Switch Expressions are supported from Java 14 onwards only
	Arrow in case statement supported from Java 14 onwards only
	Arrow in case statement supported from Java 14 onwards only
	Arrow in case statement supported from Java 14 onwards only
">
      <![CDATA[java.lang.Error: Unresolved compilation problems: 
Switch Expressions are supported from Java 14 onwards only
Arrow in case statement supported from Java 14 onwards only
Arrow in case statement supported from Java 14 onwards only
Arrow in case statement supported from Java 14 onwards only

at com.phoenix.utils.DriverManager.initDriver(DriverManager.java:51)
at com.phoenix.ui.BaseTest.setUp(BaseTest.java:35)
at java.base/java.util.ArrayList.forEach(ArrayList.java:1541)
... Removed 31 stack frames]]>
    </failure>
  </testcase> <!-- @BeforeMethod setUp -->
  <testcase classname="com.phoenix.ui.BaseTest" name="@AfterMethod tearDown" time="0.001">
    <failure type="java.lang.Error" message="Unresolved compilation problems: 
	Switch Expressions are supported from Java 14 onwards only
	Arrow in case statement supported from Java 14 onwards only
	Arrow in case statement supported from Java 14 onwards only
	Arrow in case statement supported from Java 14 onwards only
	Arrow in case statement supported from Java 14 onwards only
">
      <![CDATA[java.lang.Error: Unresolved compilation problems: 
Switch Expressions are supported from Java 14 onwards only
Arrow in case statement supported from Java 14 onwards only
Arrow in case statement supported from Java 14 onwards only
Arrow in case statement supported from Java 14 onwards only
Arrow in case statement supported from Java 14 onwards only

at com.phoenix.ui.BaseTest.statusLabel(BaseTest.java:96)
at com.phoenix.ui.BaseTest.tearDown(BaseTest.java:55)
at java.base/java.util.ArrayList.forEach(ArrayList.java:1541)
... Removed 32 stack frames]]>
    </failure>
  </testcase> <!-- @AfterMethod tearDown -->
  <testcase classname="com.phoenix.ui.BaseTest" name="@BeforeMethod setUp" time="0.002">
    <failure type="java.lang.Error" message="Unresolved compilation problems: 
	Switch Expressions are supported from Java 14 onwards only
	Arrow in case statement supported from Java 14 onwards only
	Arrow in case statement supported from Java 14 onwards only
	Arrow in case statement supported from Java 14 onwards only
">
      <![CDATA[java.lang.Error: Unresolved compilation problems: 
Switch Expressions are supported from Java 14 onwards only
Arrow in case statement supported from Java 14 onwards only
Arrow in case statement supported from Java 14 onwards only
Arrow in case statement supported from Java 14 onwards only

at com.phoenix.utils.DriverManager.initDriver(DriverManager.java:51)
at com.phoenix.ui.BaseTest.setUp(BaseTest.java:35)
at java.base/java.util.ArrayList.forEach(ArrayList.java:1541)
... Removed 31 stack frames]]>
    </failure>
  </testcase> <!-- @BeforeMethod setUp -->
  <testcase classname="com.phoenix.ui.BaseTest" name="@AfterMethod tearDown" time="0.004">
    <failure type="java.lang.Error" message="Unresolved compilation problems: 
	Switch Expressions are supported from Java 14 onwards only
	Arrow in case statement supported from Java 14 onwards only
	Arrow in case statement supported from Java 14 onwards only
	Arrow in case statement supported from Java 14 onwards only
	Arrow in case statement supported from Java 14 onwards only
">
      <![CDATA[java.lang.Error: Unresolved compilation problems: 
Switch Expressions are supported from Java 14 onwards only
Arrow in case statement supported from Java 14 onwards only
Arrow in case statement supported from Java 14 onwards only
Arrow in case statement supported from Java 14 onwards only
Arrow in case statement supported from Java 14 onwards only

at com.phoenix.ui.BaseTest.statusLabel(BaseTest.java:96)
at com.phoenix.ui.BaseTest.tearDown(BaseTest.java:55)
at java.base/java.util.ArrayList.forEach(ArrayList.java:1541)
... Removed 32 stack frames]]>
    </failure>
  </testcase> <!-- @AfterMethod tearDown -->
  <testcase classname="com.phoenix.ui.BaseTest" name="@BeforeMethod setUp" time="0.003">
    <failure type="java.lang.Error" message="Unresolved compilation problems: 
	Switch Expressions are supported from Java 14 onwards only
	Arrow in case statement supported from Java 14 onwards only
	Arrow in case statement supported from Java 14 onwards only
	Arrow in case statement supported from Java 14 onwards only
">
      <![CDATA[java.lang.Error: Unresolved compilation problems: 
Switch Expressions are supported from Java 14 onwards only
Arrow in case statement supported from Java 14 onwards only
Arrow in case statement supported from Java 14 onwards only
Arrow in case statement supported from Java 14 onwards only

at com.phoenix.utils.DriverManager.initDriver(DriverManager.java:51)
at com.phoenix.ui.BaseTest.setUp(BaseTest.java:35)
at java.base/java.util.ArrayList.forEach(ArrayList.java:1541)
... Removed 31 stack frames]]>
    </failure>
  </testcase> <!-- @BeforeMethod setUp -->
  <testcase classname="com.phoenix.ui.BaseTest" name="@AfterMethod tearDown" time="0.0">
    <failure type="java.lang.Error" message="Unresolved compilation problems: 
	Switch Expressions are supported from Java 14 onwards only
	Arrow in case statement supported from Java 14 onwards only
	Arrow in case statement supported from Java 14 onwards only
	Arrow in case statement supported from Java 14 onwards only
	Arrow in case statement supported from Java 14 onwards only
">
      <![CDATA[java.lang.Error: Unresolved compilation problems: 
Switch Expressions are supported from Java 14 onwards only
Arrow in case statement supported from Java 14 onwards only
Arrow in case statement supported from Java 14 onwards only
Arrow in case statement supported from Java 14 onwards only
Arrow in case statement supported from Java 14 onwards only

at com.phoenix.ui.BaseTest.statusLabel(BaseTest.java:96)
at com.phoenix.ui.BaseTest.tearDown(BaseTest.java:55)
at java.base/java.util.ArrayList.forEach(ArrayList.java:1541)
... Removed 32 stack frames]]>
    </failure>
  </testcase> <!-- @AfterMethod tearDown -->
  <testcase classname="com.phoenix.ui.BaseTest" name="@BeforeMethod setUp" time="0.017">
    <failure type="java.lang.Error" message="Unresolved compilation problems: 
	Switch Expressions are supported from Java 14 onwards only
	Arrow in case statement supported from Java 14 onwards only
	Arrow in case statement supported from Java 14 onwards only
	Arrow in case statement supported from Java 14 onwards only
">
      <![CDATA[java.lang.Error: Unresolved compilation problems: 
Switch Expressions are supported from Java 14 onwards only
Arrow in case statement supported from Java 14 onwards only
Arrow in case statement supported from Java 14 onwards only
Arrow in case statement supported from Java 14 onwards only

at com.phoenix.utils.DriverManager.initDriver(DriverManager.java:51)
at com.phoenix.ui.BaseTest.setUp(BaseTest.java:35)
at java.base/java.util.ArrayList.forEach(ArrayList.java:1541)
... Removed 31 stack frames]]>
    </failure>
  </testcase> <!-- @BeforeMethod setUp -->
  <testcase classname="com.phoenix.ui.BaseTest" name="@AfterMethod tearDown" time="0.001">
    <failure type="java.lang.Error" message="Unresolved compilation problems: 
	Switch Expressions are supported from Java 14 onwards only
	Arrow in case statement supported from Java 14 onwards only
	Arrow in case statement supported from Java 14 onwards only
	Arrow in case statement supported from Java 14 onwards only
	Arrow in case statement supported from Java 14 onwards only
">
      <![CDATA[java.lang.Error: Unresolved compilation problems: 
Switch Expressions are supported from Java 14 onwards only
Arrow in case statement supported from Java 14 onwards only
Arrow in case statement supported from Java 14 onwards only
Arrow in case statement supported from Java 14 onwards only
Arrow in case statement supported from Java 14 onwards only

at com.phoenix.ui.BaseTest.statusLabel(BaseTest.java:96)
at com.phoenix.ui.BaseTest.tearDown(BaseTest.java:55)
at java.base/java.util.ArrayList.forEach(ArrayList.java:1541)
... Removed 32 stack frames]]>
    </failure>
  </testcase> <!-- @AfterMethod tearDown -->
  <testcase classname="com.phoenix.ui.BaseTest" name="@BeforeMethod setUp" time="0.001">
    <failure type="java.lang.Error" message="Unresolved compilation problems: 
	Switch Expressions are supported from Java 14 onwards only
	Arrow in case statement supported from Java 14 onwards only
	Arrow in case statement supported from Java 14 onwards only
	Arrow in case statement supported from Java 14 onwards only
">
      <![CDATA[java.lang.Error: Unresolved compilation problems: 
Switch Expressions are supported from Java 14 onwards only
Arrow in case statement supported from Java 14 onwards only
Arrow in case statement supported from Java 14 onwards only
Arrow in case statement supported from Java 14 onwards only

at com.phoenix.utils.DriverManager.initDriver(DriverManager.java:51)
at com.phoenix.ui.BaseTest.setUp(BaseTest.java:35)
at java.base/java.util.ArrayList.forEach(ArrayList.java:1541)
... Removed 31 stack frames]]>
    </failure>
  </testcase> <!-- @BeforeMethod setUp -->
  <testcase classname="com.phoenix.ui.BaseTest" name="@AfterMethod tearDown" time="0.0">
    <failure type="java.lang.Error" message="Unresolved compilation problems: 
	Switch Expressions are supported from Java 14 onwards only
	Arrow in case statement supported from Java 14 onwards only
	Arrow in case statement supported from Java 14 onwards only
	Arrow in case statement supported from Java 14 onwards only
	Arrow in case statement supported from Java 14 onwards only
">
      <![CDATA[java.lang.Error: Unresolved compilation problems: 
Switch Expressions are supported from Java 14 onwards only
Arrow in case statement supported from Java 14 onwards only
Arrow in case statement supported from Java 14 onwards only
Arrow in case statement supported from Java 14 onwards only
Arrow in case statement supported from Java 14 onwards only

at com.phoenix.ui.BaseTest.statusLabel(BaseTest.java:96)
at com.phoenix.ui.BaseTest.tearDown(BaseTest.java:55)
at java.base/java.util.ArrayList.forEach(ArrayList.java:1541)
... Removed 32 stack frames]]>
    </failure>
  </testcase> <!-- @AfterMethod tearDown -->
  <testcase classname="com.phoenix.ui.BaseTest" name="@BeforeMethod setUp" time="0.005">
    <failure type="java.lang.Error" message="Unresolved compilation problems: 
	Switch Expressions are supported from Java 14 onwards only
	Arrow in case statement supported from Java 14 onwards only
	Arrow in case statement supported from Java 14 onwards only
	Arrow in case statement supported from Java 14 onwards only
">
      <![CDATA[java.lang.Error: Unresolved compilation problems: 
Switch Expressions are supported from Java 14 onwards only
Arrow in case statement supported from Java 14 onwards only
Arrow in case statement supported from Java 14 onwards only
Arrow in case statement supported from Java 14 onwards only

at com.phoenix.utils.DriverManager.initDriver(DriverManager.java:51)
at com.phoenix.ui.BaseTest.setUp(BaseTest.java:35)
at java.base/java.util.ArrayList.forEach(ArrayList.java:1541)
... Removed 31 stack frames]]>
    </failure>
  </testcase> <!-- @BeforeMethod setUp -->
  <testcase classname="com.phoenix.ui.BaseTest" name="@AfterMethod tearDown" time="0.002">
    <failure type="java.lang.Error" message="Unresolved compilation problems: 
	Switch Expressions are supported from Java 14 onwards only
	Arrow in case statement supported from Java 14 onwards only
	Arrow in case statement supported from Java 14 onwards only
	Arrow in case statement supported from Java 14 onwards only
	Arrow in case statement supported from Java 14 onwards only
">
      <![CDATA[java.lang.Error: Unresolved compilation problems: 
Switch Expressions are supported from Java 14 onwards only
Arrow in case statement supported from Java 14 onwards only
Arrow in case statement supported from Java 14 onwards only
Arrow in case statement supported from Java 14 onwards only
Arrow in case statement supported from Java 14 onwards only

at com.phoenix.ui.BaseTest.statusLabel(BaseTest.java:96)
at com.phoenix.ui.BaseTest.tearDown(BaseTest.java:55)
at java.base/java.util.ArrayList.forEach(ArrayList.java:1541)
... Removed 32 stack frames]]>
    </failure>
  </testcase> <!-- @AfterMethod tearDown -->
  <testcase classname="com.phoenix.ui.BaseTest" name="@BeforeMethod setUp" time="0.002">
    <failure type="java.lang.Error" message="Unresolved compilation problems: 
	Switch Expressions are supported from Java 14 onwards only
	Arrow in case statement supported from Java 14 onwards only
	Arrow in case statement supported from Java 14 onwards only
	Arrow in case statement supported from Java 14 onwards only
">
      <![CDATA[java.lang.Error: Unresolved compilation problems: 
Switch Expressions are supported from Java 14 onwards only
Arrow in case statement supported from Java 14 onwards only
Arrow in case statement supported from Java 14 onwards only
Arrow in case statement supported from Java 14 onwards only

at com.phoenix.utils.DriverManager.initDriver(DriverManager.java:51)
at com.phoenix.ui.BaseTest.setUp(BaseTest.java:35)
at java.base/java.util.ArrayList.forEach(ArrayList.java:1541)
... Removed 31 stack frames]]>
    </failure>
  </testcase> <!-- @BeforeMethod setUp -->
  <testcase classname="com.phoenix.ui.BaseTest" name="@AfterMethod tearDown" time="0.001">
    <failure type="java.lang.Error" message="Unresolved compilation problems: 
	Switch Expressions are supported from Java 14 onwards only
	Arrow in case statement supported from Java 14 onwards only
	Arrow in case statement supported from Java 14 onwards only
	Arrow in case statement supported from Java 14 onwards only
	Arrow in case statement supported from Java 14 onwards only
">
      <![CDATA[java.lang.Error: Unresolved compilation problems: 
Switch Expressions are supported from Java 14 onwards only
Arrow in case statement supported from Java 14 onwards only
Arrow in case statement supported from Java 14 onwards only
Arrow in case statement supported from Java 14 onwards only
Arrow in case statement supported from Java 14 onwards only

at com.phoenix.ui.BaseTest.statusLabel(BaseTest.java:96)
at com.phoenix.ui.BaseTest.tearDown(BaseTest.java:55)
at java.base/java.util.ArrayList.forEach(ArrayList.java:1541)
... Removed 32 stack frames]]>
    </failure>
  </testcase> <!-- @AfterMethod tearDown -->
  <testcase classname="com.phoenix.ui.BaseTest" name="@BeforeMethod setUp" time="0.003">
    <failure type="java.lang.Error" message="Unresolved compilation problems: 
	Switch Expressions are supported from Java 14 onwards only
	Arrow in case statement supported from Java 14 onwards only
	Arrow in case statement supported from Java 14 onwards only
	Arrow in case statement supported from Java 14 onwards only
">
      <![CDATA[java.lang.Error: Unresolved compilation problems: 
Switch Expressions are supported from Java 14 onwards only
Arrow in case statement supported from Java 14 onwards only
Arrow in case statement supported from Java 14 onwards only
Arrow in case statement supported from Java 14 onwards only

at com.phoenix.utils.DriverManager.initDriver(DriverManager.java:51)
at com.phoenix.ui.BaseTest.setUp(BaseTest.java:35)
at java.base/java.util.ArrayList.forEach(ArrayList.java:1541)
... Removed 31 stack frames]]>
    </failure>
  </testcase> <!-- @BeforeMethod setUp -->
  <testcase classname="com.phoenix.ui.BaseTest" name="@AfterMethod tearDown" time="0.0">
    <failure type="java.lang.Error" message="Unresolved compilation problems: 
	Switch Expressions are supported from Java 14 onwards only
	Arrow in case statement supported from Java 14 onwards only
	Arrow in case statement supported from Java 14 onwards only
	Arrow in case statement supported from Java 14 onwards only
	Arrow in case statement supported from Java 14 onwards only
">
      <![CDATA[java.lang.Error: Unresolved compilation problems: 
Switch Expressions are supported from Java 14 onwards only
Arrow in case statement supported from Java 14 onwards only
Arrow in case statement supported from Java 14 onwards only
Arrow in case statement supported from Java 14 onwards only
Arrow in case statement supported from Java 14 onwards only

at com.phoenix.ui.BaseTest.statusLabel(BaseTest.java:96)
at com.phoenix.ui.BaseTest.tearDown(BaseTest.java:55)
at java.base/java.util.ArrayList.forEach(ArrayList.java:1541)
... Removed 32 stack frames]]>
    </failure>
  </testcase> <!-- @AfterMethod tearDown -->
  <testcase classname="com.phoenix.ui.BaseTest" name="@BeforeMethod setUp" time="0.001">
    <failure type="java.lang.Error" message="Unresolved compilation problems: 
	Switch Expressions are supported from Java 14 onwards only
	Arrow in case statement supported from Java 14 onwards only
	Arrow in case statement supported from Java 14 onwards only
	Arrow in case statement supported from Java 14 onwards only
">
      <![CDATA[java.lang.Error: Unresolved compilation problems: 
Switch Expressions are supported from Java 14 onwards only
Arrow in case statement supported from Java 14 onwards only
Arrow in case statement supported from Java 14 onwards only
Arrow in case statement supported from Java 14 onwards only

at com.phoenix.utils.DriverManager.initDriver(DriverManager.java:51)
at com.phoenix.ui.BaseTest.setUp(BaseTest.java:35)
at java.base/java.util.ArrayList.forEach(ArrayList.java:1541)
... Removed 31 stack frames]]>
    </failure>
  </testcase> <!-- @BeforeMethod setUp -->
  <testcase classname="com.phoenix.ui.BaseTest" name="@AfterMethod tearDown" time="0.0">
    <failure type="java.lang.Error" message="Unresolved compilation problems: 
	Switch Expressions are supported from Java 14 onwards only
	Arrow in case statement supported from Java 14 onwards only
	Arrow in case statement supported from Java 14 onwards only
	Arrow in case statement supported from Java 14 onwards only
	Arrow in case statement supported from Java 14 onwards only
">
      <![CDATA[java.lang.Error: Unresolved compilation problems: 
Switch Expressions are supported from Java 14 onwards only
Arrow in case statement supported from Java 14 onwards only
Arrow in case statement supported from Java 14 onwards only
Arrow in case statement supported from Java 14 onwards only
Arrow in case statement supported from Java 14 onwards only

at com.phoenix.ui.BaseTest.statusLabel(BaseTest.java:96)
at com.phoenix.ui.BaseTest.tearDown(BaseTest.java:55)
at java.base/java.util.ArrayList.forEach(ArrayList.java:1541)
... Removed 32 stack frames]]>
    </failure>
  </testcase> <!-- @AfterMethod tearDown -->
  <testcase classname="com.phoenix.ui.BaseTest" name="@BeforeMethod setUp" time="0.004">
    <failure type="java.lang.Error" message="Unresolved compilation problems: 
	Switch Expressions are supported from Java 14 onwards only
	Arrow in case statement supported from Java 14 onwards only
	Arrow in case statement supported from Java 14 onwards only
	Arrow in case statement supported from Java 14 onwards only
">
      <![CDATA[java.lang.Error: Unresolved compilation problems: 
Switch Expressions are supported from Java 14 onwards only
Arrow in case statement supported from Java 14 onwards only
Arrow in case statement supported from Java 14 onwards only
Arrow in case statement supported from Java 14 onwards only

at com.phoenix.utils.DriverManager.initDriver(DriverManager.java:51)
at com.phoenix.ui.BaseTest.setUp(BaseTest.java:35)
at java.base/java.util.ArrayList.forEach(ArrayList.java:1541)
... Removed 31 stack frames]]>
    </failure>
  </testcase> <!-- @BeforeMethod setUp -->
  <testcase classname="com.phoenix.ui.BaseTest" name="@AfterMethod tearDown" time="0.0">
    <failure type="java.lang.Error" message="Unresolved compilation problems: 
	Switch Expressions are supported from Java 14 onwards only
	Arrow in case statement supported from Java 14 onwards only
	Arrow in case statement supported from Java 14 onwards only
	Arrow in case statement supported from Java 14 onwards only
	Arrow in case statement supported from Java 14 onwards only
">
      <![CDATA[java.lang.Error: Unresolved compilation problems: 
Switch Expressions are supported from Java 14 onwards only
Arrow in case statement supported from Java 14 onwards only
Arrow in case statement supported from Java 14 onwards only
Arrow in case statement supported from Java 14 onwards only
Arrow in case statement supported from Java 14 onwards only

at com.phoenix.ui.BaseTest.statusLabel(BaseTest.java:96)
at com.phoenix.ui.BaseTest.tearDown(BaseTest.java:55)
at java.base/java.util.ArrayList.forEach(ArrayList.java:1541)
... Removed 32 stack frames]]>
    </failure>
  </testcase> <!-- @AfterMethod tearDown -->
  <testcase classname="com.phoenix.ui.LoginTest" name="testSuccessfulLogin" time="0.0">
    <skipped/>
  </testcase> <!-- testSuccessfulLogin -->
  <testcase classname="com.phoenix.ui.LoginTest" name="testSuccessFlashMessageContent" time="0.001">
    <skipped/>
  </testcase> <!-- testSuccessFlashMessageContent -->
  <testcase classname="com.phoenix.ui.LoginTest" name="testInvalidUsername" time="0.0">
    <skipped/>
  </testcase> <!-- testInvalidUsername -->
  <testcase classname="com.phoenix.ui.LoginTest" name="testInvalidPassword" time="0.0">
    <skipped/>
  </testcase> <!-- testInvalidPassword -->
  <testcase classname="com.phoenix.ui.LoginTest" name="testEmptyUsername" time="0.0">
    <skipped/>
  </testcase> <!-- testEmptyUsername -->
  <testcase classname="com.phoenix.ui.LoginTest" name="testEmptyPassword" time="0.0">
    <skipped/>
  </testcase> <!-- testEmptyPassword -->
  <testcase classname="com.phoenix.ui.LoginTest" name="testSqlInjectionAttempt" time="0.0">
    <skipped/>
  </testcase> <!-- testSqlInjectionAttempt -->
  <testcase classname="com.phoenix.ui.LoginTest" name="testSelfHealingLocatorFallback" time="0.0">
    <skipped/>
  </testcase> <!-- testSelfHealingLocatorFallback -->
  <testcase classname="com.phoenix.ui.LoginTest" name="testPageTitle" time="0.0">
    <skipped/>
  </testcase> <!-- testPageTitle -->
  <testcase classname="com.phoenix.ui.LoginTest" name="testInputFieldsAreInteractable" time="0.0">
    <skipped/>
  </testcase> <!-- testInputFieldsAreInteractable -->
</testsuite> <!-- UI Tests – Login -->
