<?xml version="1.0" encoding="UTF-8"?>
<!-- Generated by org.testng.reporters.JUnitXMLReporter -->
<testsuite ignored="0" hostname="DESKTOP-603KKM1" failures="0" tests="5" name="UI Tests – Upload" time="0.135" errors="0" timestamp="2026-03-29T12:13:48 IST">
  <testcase classname="com.phoenix.ui.UploadTest" name="testSuccessfulFileUpload" time="0.0">
    <skipped/>
  </testcase> <!-- testSuccessfulFileUpload -->
  <testcase classname="com.phoenix.ui.UploadTest" name="testUploadPageAccessibleAfterLogin" time="0.0">
    <skipped/>
  </testcase> <!-- testUploadPageAccessibleAfterLogin -->
  <testcase classname="com.phoenix.ui.UploadTest" name="testDynamicContentLoading" time="0.0">
    <skipped/>
  </testcase> <!-- testDynamicContentLoading -->
  <testcase classname="com.phoenix.ui.UploadTest" name="testFileInputElementPresent" time="0.0">
    <skipped/>
  </testcase> <!-- testFileInputElementPresent -->
  <testcase classname="com.phoenix.ui.UploadTest" name="testSubmitWithoutFileHandlesGracefully" time="0.0">
    <skipped/>
  </testcase> <!-- testSubmitWithoutFileHandlesGracefully -->
</testsuite> <!-- UI Tests – Upload -->
