<?xml version="1.0" encoding="UTF-8"?>
<!-- Generated by org.testng.reporters.JUnitXMLReporter -->
<testsuite ignored="0" hostname="DESKTOP-603KKM1" failures="3" tests="7" name="API Tests" time="9.575" errors="0" timestamp="2026-03-29T13:01:00 IST">
  <testcase classname="com.phoenix.api.LoginApiTest" name="testSiteHealthCheck" time="2.601"/>
  <testcase classname="com.phoenix.api.LoginApiTest" name="testValidLoginReturnsRedirectOrOk" time="1.071">
    <failure type="java.lang.AssertionError" message="HTTP 404 not in expected set">
      <![CDATA[java.lang.AssertionError: HTTP 404 not in expected set
at com.phoenix.api.ApiClient.assertStatusIn(ApiClient.java:117)
at com.phoenix.api.LoginApiTest.testValidLoginReturnsRedirectOrOk(LoginApiTest.java:91)
at java.base/java.util.ArrayList.forEach(ArrayList.java:1596)
... Removed 25 stack frames]]>
    </failure>
  </testcase> <!-- testValidLoginReturnsRedirectOrOk -->
  <testcase classname="com.phoenix.api.LoginApiTest" name="testInvalidUsernameReturnsError" time="1.068">
    <failure type="java.lang.AssertionError" message="Expected HTTP 200, got 404
Body: &amp;lt;h1&amp;gt;Not Found&amp;lt;/h1&amp;gt;">
      <![CDATA[java.lang.AssertionError: Expected HTTP 200, got 404
Body: <h1>Not Found</h1>
at com.phoenix.api.ApiClient.assertStatus(ApiClient.java:101)
at com.phoenix.api.LoginApiTest.testInvalidUsernameReturnsError(LoginApiTest.java:117)
at java.base/java.util.ArrayList.forEach(ArrayList.java:1596)
... Removed 25 stack frames]]>
    </failure>
  </testcase> <!-- testInvalidUsernameReturnsError -->
  <testcase classname="com.phoenix.api.LoginApiTest" name="testInvalidPasswordReturnsError" time="1.047">
    <failure type="java.lang.AssertionError" message="Expected HTTP 200, got 404
Body: &amp;lt;h1&amp;gt;Not Found&amp;lt;/h1&amp;gt;">
      <![CDATA[java.lang.AssertionError: Expected HTTP 200, got 404
Body: <h1>Not Found</h1>
at com.phoenix.api.ApiClient.assertStatus(ApiClient.java:101)
at com.phoenix.api.LoginApiTest.testInvalidPasswordReturnsError(LoginApiTest.java:132)
at java.base/java.util.ArrayList.forEach(ArrayList.java:1596)
... Removed 25 stack frames]]>
    </failure>
  </testcase> <!-- testInvalidPasswordReturnsError -->
  <testcase classname="com.phoenix.api.LoginApiTest" name="testEmptyCredentialsHandledGracefully" time="1.075"/>
  <testcase classname="com.phoenix.api.LoginApiTest" name="testLoginResponseTimeSLA" time="1.022"/>
  <testcase classname="com.phoenix.api.LoginApiTest" name="testResponseHeadersPresent" time="1.024"/>
</testsuite> <!-- API Tests -->
