<?xml version="1.0" encoding="UTF-8"?>
<!-- Generated by org.testng.reporters.JUnitXMLReporter -->
<testsuite ignored="0" hostname="DESKTOP-603KKM1" failures="0" tests="10" name="UI Tests – Login" time="89.127" errors="0" timestamp="2026-03-29T13:02:29 IST">
  <testcase classname="com.phoenix.ui.LoginTest" name="testSuccessfulLogin" time="2.219"/>
  <testcase classname="com.phoenix.ui.LoginTest" name="testSuccessFlashMessageContent" time="1.632"/>
  <testcase classname="com.phoenix.ui.LoginTest" name="testInvalidUsername" time="2.064"/>
  <testcase classname="com.phoenix.ui.LoginTest" name="testInvalidPassword" time="1.72"/>
  <testcase classname="com.phoenix.ui.LoginTest" name="testEmptyUsername" time="1.647"/>
  <testcase classname="com.phoenix.ui.LoginTest" name="testEmptyPassword" time="1.371"/>
  <testcase classname="com.phoenix.ui.LoginTest" name="testSqlInjectionAttempt" time="0.786"/>
  <testcase classname="com.phoenix.ui.LoginTest" name="testSelfHealingLocatorFallback" time="22.262"/>
  <testcase classname="com.phoenix.ui.LoginTest" name="testPageTitle" time="3.879"/>
  <testcase classname="com.phoenix.ui.LoginTest" name="testInputFieldsAreInteractable" time="2.466"/>
</testsuite> <!-- UI Tests – Login -->
