<?xml version="1.0" encoding="UTF-8"?>
<!-- Generated by org.testng.reporters.JUnitReportReporter -->
<testsuite hostname="DESKTOP-603KKM1" failures="0" tests="10" name="com.phoenix.ui.LoginTest" time="89.089" errors="0" timestamp="2026-03-29T13:03:21 IST" skipped="0">
  <testcase classname="com.phoenix.ui.LoginTest" name="testSuccessfulLogin" time="8.701"/>
  <testcase classname="com.phoenix.ui.LoginTest" name="testSuccessFlashMessageContent" time="8.127"/>
  <testcase classname="com.phoenix.ui.LoginTest" name="testInvalidUsername" time="5.692"/>
  <testcase classname="com.phoenix.ui.LoginTest" name="testInvalidPassword" time="6.702"/>
  <testcase classname="com.phoenix.ui.LoginTest" name="testEmptyUsername" time="5.465"/>
  <testcase classname="com.phoenix.ui.LoginTest" name="testEmptyPassword" time="5.936"/>
  <testcase classname="com.phoenix.ui.LoginTest" name="testSqlInjectionAttempt" time="7.556"/>
  <testcase classname="com.phoenix.ui.LoginTest" name="testSelfHealingLocatorFallback" time="26.449"/>
  <testcase classname="com.phoenix.ui.LoginTest" name="testPageTitle" time="8.375"/>
  <testcase classname="com.phoenix.ui.LoginTest" name="testInputFieldsAreInteractable" time="6.086"/>
</testsuite> <!-- com.phoenix.ui.LoginTest -->
